<?xml version="1.0" encoding="UTF-8"?>
<!-- Generated by org.testng.reporters.JUnitXMLReporter -->
<testsuite ignored="0" hostname="Client-Pc" failures="0" tests="4" name="Test" time="14.245" errors="0" timestamp="2022-05-29T15:13:50 IST">
  <testcase classname="com.sdet.TestLogin" name="OrangeHRMLogin" time="14.15"/>
  <testcase classname="com.sdet.NewAppTest" name="testNegativeCase" time="0.011"/>
  <testcase classname="com.sdet.NewAppTest" name="testPositiveCase" time="0.006"/>
  <testcase classname="com.sdet.Test2" name="test3" time="0.008"/>
</testsuite> <!-- Test -->
