<?xml version="1.0" encoding="UTF-8"?>
<testng-results ignored="0" total="3" passed="3" failed="0" skipped="0">
  <reporter-output>
  </reporter-output>
  <suite started-at="2022-05-29T16:24:48 IST" name="Suite" finished-at="2022-05-29T16:24:48 IST" duration-ms="71">
    <groups>
    </groups>
    <test started-at="2022-05-29T16:24:48 IST" name="Test" finished-at="2022-05-29T16:24:48 IST" duration-ms="71">
      <class name="com.sdet.NewAppTest">
        <test-method signature="testNegativeCase()[pri:0, instance:com.sdet.NewAppTest@cd3fee8]" started-at="2022-05-29T16:24:48 IST" name="testNegativeCase" finished-at="2022-05-29T16:24:48 IST" duration-ms="18" status="PASS">
          <reporter-output>
          </reporter-output>
        </test-method> <!-- testNegativeCase -->
        <test-method signature="testPositiveCase()[pri:0, instance:com.sdet.NewAppTest@cd3fee8]" started-at="2022-05-29T16:24:48 IST" name="testPositiveCase" finished-at="2022-05-29T16:24:48 IST" duration-ms="1" status="PASS">
          <reporter-output>
          </reporter-output>
        </test-method> <!-- testPositiveCase -->
      </class> <!-- com.sdet.NewAppTest -->
      <class name="com.sdet.Test2">
        <test-method signature="test3()[pri:0, instance:com.sdet.Test2@5bd03f44]" started-at="2022-05-29T16:24:48 IST" name="test3" finished-at="2022-05-29T16:24:48 IST" duration-ms="1" status="PASS">
          <reporter-output>
          </reporter-output>
        </test-method> <!-- test3 -->
      </class> <!-- com.sdet.Test2 -->
    </test> <!-- Test -->
  </suite> <!-- Suite -->
</testng-results>
