<?xml version="1.0" encoding="UTF-8"?>
<testng-results ignored="0" total="4" passed="4" failed="0" skipped="0">
  <reporter-output>
  </reporter-output>
  <suite started-at="2022-05-29T15:13:35 IST" name="Suite" finished-at="2022-05-29T15:13:50 IST" duration-ms="14245">
    <groups>
    </groups>
    <test started-at="2022-05-29T15:13:35 IST" name="Test" finished-at="2022-05-29T15:13:50 IST" duration-ms="14245">
      <class name="com.sdet.TestLogin">
        <test-method signature="OrangeHRMLogin()[pri:0, instance:com.sdet.TestLogin@188715b5]" started-at="2022-05-29T15:13:35 IST" name="OrangeHRMLogin" finished-at="2022-05-29T15:13:50 IST" duration-ms="14150" status="PASS">
          <reporter-output>
          </reporter-output>
        </test-method> <!-- OrangeHRMLogin -->
      </class> <!-- com.sdet.TestLogin -->
      <class name="com.sdet.NewAppTest">
        <test-method signature="testNegativeCase()[pri:0, instance:com.sdet.NewAppTest@393671df]" started-at="2022-05-29T15:13:50 IST" name="testNegativeCase" finished-at="2022-05-29T15:13:50 IST" duration-ms="11" status="PASS">
          <reporter-output>
          </reporter-output>
        </test-method> <!-- testNegativeCase -->
        <test-method signature="testPositiveCase()[pri:0, instance:com.sdet.NewAppTest@393671df]" started-at="2022-05-29T15:13:50 IST" name="testPositiveCase" finished-at="2022-05-29T15:13:50 IST" duration-ms="6" status="PASS">
          <reporter-output>
          </reporter-output>
        </test-method> <!-- testPositiveCase -->
      </class> <!-- com.sdet.NewAppTest -->
      <class name="com.sdet.Test2">
        <test-method signature="test3()[pri:0, instance:com.sdet.Test2@56620197]" started-at="2022-05-29T15:13:50 IST" name="test3" finished-at="2022-05-29T15:13:50 IST" duration-ms="8" status="PASS">
          <reporter-output>
          </reporter-output>
        </test-method> <!-- test3 -->
      </class> <!-- com.sdet.Test2 -->
    </test> <!-- Test -->
  </suite> <!-- Suite -->
</testng-results>
